# Logfile created on 2014-04-24 12:01:33 -0700 by logger.rb/v1.2.7
D, [2014-04-24T12:01:33.191000 #69525] DEBUG -- : REQUESTING PAGE: GET / with {} and HTTP headers {}
D, [2014-04-24T12:01:48.968000 #69528] DEBUG -- : REQUESTING PAGE: GET / with {} and HTTP headers {}
D, [2014-04-24T12:02:34.149000 #69544] DEBUG -- : REQUESTING PAGE: GET / with {} and HTTP headers {}
D, [2014-04-24T12:02:34.265000 #69544] DEBUG -- : REQUESTING PAGE: GET /about with {} and HTTP headers {"HTTP_REFERER"=>"/"}
D, [2014-04-24T12:03:52.296000 #69550] DEBUG -- : REQUESTING PAGE: GET / with {} and HTTP headers {}
D, [2014-04-24T12:03:52.409000 #69550] DEBUG -- : REQUESTING PAGE: GET /about with {} and HTTP headers {"HTTP_REFERER"=>"/"}
D, [2014-04-24T12:03:52.554000 #69550] DEBUG -- : REQUESTING PAGE: GET /contact with {} and HTTP headers {"HTTP_REFERER"=>"/about"}
D, [2014-04-24T12:03:52.668000 #69550] DEBUG -- : REQUESTING PAGE: GET / with {} and HTTP headers {"HTTP_REFERER"=>"/contact"}
D, [2014-04-24T12:03:52.750000 #69550] DEBUG -- : REQUESTING PAGE: GET /signup with {} and HTTP headers {"HTTP_REFERER"=>"/"}
D, [2014-04-24T12:04:06.780000 #69553] DEBUG -- : REQUESTING PAGE: GET / with {} and HTTP headers {}
D, [2014-04-24T12:04:06.871000 #69553] DEBUG -- : REQUESTING PAGE: GET /about with {} and HTTP headers {"HTTP_REFERER"=>"/"}
D, [2014-04-24T12:04:07.048000 #69553] DEBUG -- : REQUESTING PAGE: GET /contact with {} and HTTP headers {"HTTP_REFERER"=>"/about"}
D, [2014-04-24T12:04:07.118000 #69553] DEBUG -- : REQUESTING PAGE: GET / with {} and HTTP headers {"HTTP_REFERER"=>"/contact"}
D, [2014-04-24T12:04:07.207000 #69553] DEBUG -- : REQUESTING PAGE: GET /signup with {} and HTTP headers {"HTTP_REFERER"=>"/"}
D, [2014-04-24T12:04:23.364000 #69554] DEBUG -- : REQUESTING PAGE: GET / with {} and HTTP headers {}
D, [2014-04-24T12:04:23.523000 #69554] DEBUG -- : REQUESTING PAGE: GET /about with {} and HTTP headers {"HTTP_REFERER"=>"/"}
D, [2014-04-24T12:04:23.638000 #69554] DEBUG -- : REQUESTING PAGE: GET /contact with {} and HTTP headers {"HTTP_REFERER"=>"/about"}
D, [2014-04-24T12:04:23.717000 #69554] DEBUG -- : REQUESTING PAGE: GET / with {} and HTTP headers {"HTTP_REFERER"=>"/contact"}
D, [2014-04-24T12:04:23.826000 #69554] DEBUG -- : REQUESTING PAGE: GET /signup with {} and HTTP headers {"HTTP_REFERER"=>"/"}
D, [2014-04-24T12:04:38.201000 #69566] DEBUG -- : REQUESTING PAGE: GET / with {} and HTTP headers {}
D, [2014-04-24T12:04:38.300000 #69566] DEBUG -- : REQUESTING PAGE: GET /about with {} and HTTP headers {"HTTP_REFERER"=>"/"}
D, [2014-04-24T12:04:38.402000 #69566] DEBUG -- : REQUESTING PAGE: GET /contact with {} and HTTP headers {"HTTP_REFERER"=>"/about"}
D, [2014-04-24T12:04:38.497000 #69566] DEBUG -- : REQUESTING PAGE: GET / with {} and HTTP headers {"HTTP_REFERER"=>"/contact"}
D, [2014-04-24T12:04:38.596000 #69566] DEBUG -- : REQUESTING PAGE: GET /signup with {} and HTTP headers {"HTTP_REFERER"=>"/"}
D, [2014-04-24T12:04:53.217000 #69572] DEBUG -- : REQUESTING PAGE: GET / with {} and HTTP headers {}
D, [2014-04-24T12:04:53.325000 #69572] DEBUG -- : REQUESTING PAGE: GET /about with {} and HTTP headers {"HTTP_REFERER"=>"/"}
D, [2014-04-24T12:04:53.479000 #69572] DEBUG -- : REQUESTING PAGE: GET /contact with {} and HTTP headers {"HTTP_REFERER"=>"/about"}
D, [2014-04-24T12:04:53.597000 #69572] DEBUG -- : REQUESTING PAGE: GET / with {} and HTTP headers {"HTTP_REFERER"=>"/contact"}
D, [2014-04-24T12:04:53.686000 #69572] DEBUG -- : REQUESTING PAGE: GET /signup with {} and HTTP headers {"HTTP_REFERER"=>"/"}
D, [2014-04-24T12:05:08.407000 #69573] DEBUG -- : REQUESTING PAGE: GET / with {} and HTTP headers {}
D, [2014-04-24T12:05:08.510000 #69573] DEBUG -- : REQUESTING PAGE: GET /about with {} and HTTP headers {"HTTP_REFERER"=>"/"}
D, [2014-04-24T12:05:08.620000 #69573] DEBUG -- : REQUESTING PAGE: GET /contact with {} and HTTP headers {"HTTP_REFERER"=>"/about"}
D, [2014-04-24T12:05:08.771000 #69573] DEBUG -- : REQUESTING PAGE: GET / with {} and HTTP headers {"HTTP_REFERER"=>"/contact"}
D, [2014-04-24T12:05:08.886000 #69573] DEBUG -- : REQUESTING PAGE: GET /signup with {} and HTTP headers {"HTTP_REFERER"=>"/"}
D, [2014-04-24T12:05:23.902000 #69574] DEBUG -- : REQUESTING PAGE: GET / with {} and HTTP headers {}
D, [2014-04-24T12:05:24.030000 #69574] DEBUG -- : REQUESTING PAGE: GET /about with {} and HTTP headers {"HTTP_REFERER"=>"/"}
D, [2014-04-24T12:05:24.111000 #69574] DEBUG -- : REQUESTING PAGE: GET /contact with {} and HTTP headers {"HTTP_REFERER"=>"/about"}
D, [2014-04-24T12:05:24.197000 #69574] DEBUG -- : REQUESTING PAGE: GET / with {} and HTTP headers {"HTTP_REFERER"=>"/contact"}
D, [2014-04-24T12:05:24.323000 #69574] DEBUG -- : REQUESTING PAGE: GET /signup with {} and HTTP headers {"HTTP_REFERER"=>"/"}
D, [2014-04-24T12:05:38.590000 #69575] DEBUG -- : REQUESTING PAGE: GET / with {} and HTTP headers {}
D, [2014-04-24T12:05:38.711000 #69575] DEBUG -- : REQUESTING PAGE: GET /about with {} and HTTP headers {"HTTP_REFERER"=>"/"}
D, [2014-04-24T12:05:38.789000 #69575] DEBUG -- : REQUESTING PAGE: GET /contact with {} and HTTP headers {"HTTP_REFERER"=>"/about"}
D, [2014-04-24T12:05:38.882000 #69575] DEBUG -- : REQUESTING PAGE: GET / with {} and HTTP headers {"HTTP_REFERER"=>"/contact"}
D, [2014-04-24T12:05:39.000000 #69575] DEBUG -- : REQUESTING PAGE: GET /signup with {} and HTTP headers {"HTTP_REFERER"=>"/"}
D, [2014-04-24T12:05:54.272000 #69576] DEBUG -- : REQUESTING PAGE: GET / with {} and HTTP headers {}
D, [2014-04-24T12:05:54.400000 #69576] DEBUG -- : REQUESTING PAGE: GET /about with {} and HTTP headers {"HTTP_REFERER"=>"/"}
D, [2014-04-24T12:05:54.818000 #69576] DEBUG -- : REQUESTING PAGE: GET /contact with {} and HTTP headers {"HTTP_REFERER"=>"/about"}
D, [2014-04-24T12:05:54.963000 #69576] DEBUG -- : REQUESTING PAGE: GET / with {} and HTTP headers {"HTTP_REFERER"=>"/contact"}
D, [2014-04-24T12:05:55.039000 #69576] DEBUG -- : REQUESTING PAGE: GET /signup with {} and HTTP headers {"HTTP_REFERER"=>"/"}
D, [2014-04-24T12:06:10.607000 #69578] DEBUG -- : REQUESTING PAGE: GET / with {} and HTTP headers {}
D, [2014-04-24T12:06:10.726000 #69578] DEBUG -- : REQUESTING PAGE: GET /about with {} and HTTP headers {"HTTP_REFERER"=>"/"}
D, [2014-04-24T12:06:10.801000 #69578] DEBUG -- : REQUESTING PAGE: GET /contact with {} and HTTP headers {"HTTP_REFERER"=>"/about"}
D, [2014-04-24T12:06:10.891000 #69578] DEBUG -- : REQUESTING PAGE: GET / with {} and HTTP headers {"HTTP_REFERER"=>"/contact"}
D, [2014-04-24T12:06:11.023000 #69578] DEBUG -- : REQUESTING PAGE: GET /signup with {} and HTTP headers {"HTTP_REFERER"=>"/"}
D, [2014-04-24T12:06:26.822000 #69587] DEBUG -- : REQUESTING PAGE: GET / with {} and HTTP headers {}
D, [2014-04-24T12:06:26.944000 #69587] DEBUG -- : REQUESTING PAGE: GET /about with {} and HTTP headers {"HTTP_REFERER"=>"/"}
D, [2014-04-24T12:06:27.064000 #69587] DEBUG -- : REQUESTING PAGE: GET /contact with {} and HTTP headers {"HTTP_REFERER"=>"/about"}
D, [2014-04-24T12:06:27.236000 #69587] DEBUG -- : REQUESTING PAGE: GET / with {} and HTTP headers {"HTTP_REFERER"=>"/contact"}
D, [2014-04-24T12:06:27.345000 #69587] DEBUG -- : REQUESTING PAGE: GET /signup with {} and HTTP headers {"HTTP_REFERER"=>"/"}
D, [2014-04-24T12:06:40.017000 #69593] DEBUG -- : REQUESTING PAGE: GET / with {} and HTTP headers {}
D, [2014-04-24T12:06:41.258000 #69593] DEBUG -- : REQUESTING PAGE: GET /about with {} and HTTP headers {"HTTP_REFERER"=>"/"}
D, [2014-04-24T12:06:41.346000 #69593] DEBUG -- : REQUESTING PAGE: GET /contact with {} and HTTP headers {"HTTP_REFERER"=>"/about"}
D, [2014-04-24T12:06:41.437000 #69593] DEBUG -- : REQUESTING PAGE: GET / with {} and HTTP headers {"HTTP_REFERER"=>"/contact"}
D, [2014-04-24T12:06:41.540000 #69593] DEBUG -- : REQUESTING PAGE: GET /signup with {} and HTTP headers {"HTTP_REFERER"=>"/"}
D, [2014-04-24T12:06:56.405000 #69595] DEBUG -- : REQUESTING PAGE: GET / with {} and HTTP headers {}
D, [2014-04-24T12:06:56.500000 #69595] DEBUG -- : REQUESTING PAGE: GET /about with {} and HTTP headers {"HTTP_REFERER"=>"/"}
D, [2014-04-24T12:06:56.622000 #69595] DEBUG -- : REQUESTING PAGE: GET /contact with {} and HTTP headers {"HTTP_REFERER"=>"/about"}
D, [2014-04-24T12:06:56.689000 #69595] DEBUG -- : REQUESTING PAGE: GET / with {} and HTTP headers {"HTTP_REFERER"=>"/contact"}
D, [2014-04-24T12:06:56.770000 #69595] DEBUG -- : REQUESTING PAGE: GET /signup with {} and HTTP headers {"HTTP_REFERER"=>"/"}
D, [2014-04-24T12:08:40.296000 #69607] DEBUG -- : REQUESTING PAGE: GET / with {} and HTTP headers {}
D, [2014-04-24T12:08:41.390000 #69607] DEBUG -- : REQUESTING PAGE: GET /about with {} and HTTP headers {"HTTP_REFERER"=>"/"}
D, [2014-04-24T12:08:41.470000 #69607] DEBUG -- : REQUESTING PAGE: GET /contact with {} and HTTP headers {"HTTP_REFERER"=>"/about"}
D, [2014-04-24T12:08:41.560000 #69607] DEBUG -- : REQUESTING PAGE: GET / with {} and HTTP headers {"HTTP_REFERER"=>"/contact"}
D, [2014-04-24T12:08:41.651000 #69607] DEBUG -- : REQUESTING PAGE: GET /signup with {} and HTTP headers {"HTTP_REFERER"=>"/"}
